<?xml version="1.0" encoding="UTF-8"?>
<testsuite name="jdbcTest.daoTest.UserDaoImplTest" tests="1" skipped="0" failures="0" errors="0" timestamp="2025-03-03T18:50:00" hostname="USER-PC" time="0.162">
  <properties/>
  <testcase name="updateUsers()" classname="jdbcTest.daoTest.UserDaoImplTest" time="0.162"/>
  <system-out><![CDATA[]]></system-out>
  <system-err><![CDATA[]]></system-err>
</testsuite>
