<?xml version="1.0" encoding="UTF-8"?>
<testsuite name="UserTest" tests="2" skipped="0" failures="0" errors="0" timestamp="2025-02-07T21:11:16" hostname="USER-PC" time="0.029">
  <properties/>
  <testcase name="[1] 5" classname="UserTest" time="0.025"/>
  <testcase name="[2] 4" classname="UserTest" time="0.001"/>
  <system-out><![CDATA[]]></system-out>
  <system-err><![CDATA[]]></system-err>
</testsuite>
